<?xml version="1.0" encoding="UTF-8" ?>
<testsuites disabled="18" errors="0" failures="0" tests="18" time="0.144">
 <testsuite name="Recipe Editor-BKM" timestamp="2019-10-02T20:43:51" hostname="localhost" time="0.074" errors="0" tests="0" skipped="0" disabled="0" failures="0">
 </testsuite>
 <testsuite name="Recipe Editor-BKM.Create new recipe from CreateOpen page" timestamp="2019-10-02T20:43:51" hostname="localhost" time="0.001" errors="0" tests="1" skipped="0" disabled="1" failures="0">
  <testcase classname="Recipe Editor-BKM.Create new recipe from CreateOpen page" name="RE-TC48: Should have created recipe when button is pressed" time="0">
   <skipped />
  </testcase>
 </testsuite>
 <testsuite name="Recipe Editor-BKM.BKM (Simplified Recipe Editor)" timestamp="2019-10-02T20:43:51" hostname="localhost" time="0.069" errors="0" tests="17" skipped="0" disabled="17" failures="0">
  <testcase classname="Recipe Editor-BKM.BKM (Simplified Recipe Editor)" name="RE-TC49: Should post a warning if no Dechck BKM is defined during recipe save" time="0.002">
   <skipped />
  </testcase>
  <testcase classname="Recipe Editor-BKM.BKM (Simplified Recipe Editor)" name="RE-TC50: Should be able to save a recipe with BKM selected" time="0.002">
   <skipped />
  </testcase>
  <testcase classname="Recipe Editor-BKM.BKM (Simplified Recipe Editor)" name="RE-TC51: Should allow to change bkm settings to None" time="0.003">
   <skipped />
  </testcase>
  <testcase classname="Recipe Editor-BKM.BKM (Simplified Recipe Editor)" name="RE-TC52: Should open a baseline recipe with no BKM settings" time="0.001">
   <skipped />
  </testcase>
  <testcase classname="Recipe Editor-BKM.BKM (Simplified Recipe Editor)" name="RE-TC53: Should post error &quot;Dechuck BKM, CoulombicDechuck_RevF&quot; is not available" time="0.002">
   <skipped />
  </testcase>
  <testcase classname="Recipe Editor-BKM.BKM (Simplified Recipe Editor)" name="RE-TC54: Should not allow changes to parameter values on full setpoints view" time="0.004">
   <skipped />
  </testcase>
  <testcase classname="Recipe Editor-BKM.BKM (Simplified Recipe Editor)" name="RE-TC55: Should check if Dechuck BKM steps are added correctly" time="0.002">
   <skipped />
  </testcase>
  <testcase classname="Recipe Editor-BKM.BKM (Simplified Recipe Editor)" name="RE-TC56: Should check if Transition BKM steps are added correctly" time="0.002">
   <skipped />
  </testcase>
  <testcase classname="Recipe Editor-BKM.BKM (Simplified Recipe Editor)" name="RE-TC57: Should be able to select detail: &quot;All including endpoint&quot;" time="0.002">
   <skipped />
  </testcase>
  <testcase classname="Recipe Editor-BKM.BKM (Simplified Recipe Editor)" name="RE-TC58: Should check if Step BKM steps are added correctly" time="0.002">
   <skipped />
  </testcase>
  <testcase classname="Recipe Editor-BKM.BKM (Simplified Recipe Editor)" name="RE-TC59: Should check if Strike BKM steps are added correctly" time="0.007">
   <skipped />
  </testcase>
  <testcase classname="Recipe Editor-BKM.BKM (Simplified Recipe Editor)" name="RE-TC60: Should post error &quot;TCP ramp rate must be set&quot;" time="0.003">
   <skipped />
  </testcase>
  <testcase classname="Recipe Editor-BKM.BKM (Simplified Recipe Editor)" name="RE-TC61: Should be able to change TCP RF Downward constant" time="0.005">
   <skipped />
  </testcase>
  <testcase classname="Recipe Editor-BKM.BKM (Simplified Recipe Editor)" name="RE-TC62: Should be able to change TCP RF Upward constant" time="0.009">
   <skipped />
  </testcase>
  <testcase classname="Recipe Editor-BKM.BKM (Simplified Recipe Editor)" name="RE-TC63: Should be able to view Full Setpoints with no error" time="0.005">
   <skipped />
  </testcase>
  <testcase classname="Recipe Editor-BKM.BKM (Simplified Recipe Editor)" name="RE-TC64: Should be able to save as Non-SRE (Legacy) recipe" time="0.005">
   <skipped />
  </testcase>
  <testcase classname="Recipe Editor-BKM.BKM (Simplified Recipe Editor)" name="RE-TC65: Should be able to save as SRE recipe" time="0.001">
   <skipped />
  </testcase>
 </testsuite>
</testsuites>