<?xml version="1.0" encoding="UTF-8" ?>
<testsuites disabled="15" errors="0" failures="0" tests="15" time="0.082">
 <testsuite name="Recipes" timestamp="2019-10-02T20:43:51" hostname="localhost" time="0.042" errors="0" tests="0" skipped="0" disabled="0" failures="0">
 </testsuite>
 <testsuite name="Recipes.New Recipe Tests " timestamp="2019-10-02T20:43:51" hostname="localhost" time="0.019" errors="0" tests="9" skipped="0" disabled="9" failures="0">
  <testcase classname="Recipes.New Recipe Tests " name="RE-TC29: Should be able to create a new recipe" time="0">
   <skipped />
  </testcase>
  <testcase classname="Recipes.New Recipe Tests " name="RE-TC30: Should be able to enter process time at Step 1" time="0.002">
   <skipped />
  </testcase>
  <testcase classname="Recipes.New Recipe Tests " name="RE-TC31: Should be able to enter pressure at Step 1" time="0.002">
   <skipped />
  </testcase>
  <testcase classname="Recipes.New Recipe Tests " name="RE-TC32: Should be able to enter helium setpoint at Step 1" time="0">
   <skipped />
  </testcase>
  <testcase classname="Recipes.New Recipe Tests " name="RE-TC33: Should be able to select dechuckBKM" time="0.001">
   <skipped />
  </testcase>
  <testcase classname="Recipes.New Recipe Tests " name="RE-TC34: Should be able to save new recipe" time="0.002">
   <skipped />
  </testcase>
  <testcase classname="Recipes.New Recipe Tests " name="RE-TC35: Should be able to close new recipe" time="0.002">
   <skipped />
  </testcase>
  <testcase classname="Recipes.New Recipe Tests " name="RE-TC36: Should be able open new recipe" time="0.001">
   <skipped />
  </testcase>
  <testcase classname="Recipes.New Recipe Tests " name="RE-TC37: Should be able to delete new recipe" time="0.002">
   <skipped />
  </testcase>
 </testsuite>
 <testsuite name="Recipes.Existing Recipe Tests" timestamp="2019-10-02T20:43:51" hostname="localhost" time="0.015" errors="0" tests="4" skipped="0" disabled="4" failures="0">
  <testcase classname="Recipes.Existing Recipe Tests" name="RE-TC38: Should save recipe using Save-as" time="0.003">
   <skipped />
  </testcase>
  <testcase classname="Recipes.Existing Recipe Tests" name="RE-TC39: Should close saved recipe" time="0.005">
   <skipped />
  </testcase>
  <testcase classname="Recipes.Existing Recipe Tests" name="RE-TC40: Should open saved recipe" time="0.003">
   <skipped />
  </testcase>
  <testcase classname="Recipes.Existing Recipe Tests" name="RE-TC41: Should delete currently opened recipe" time="0.001">
   <skipped />
  </testcase>
 </testsuite>
 <testsuite name="Recipes.Opened Recipe Tests" timestamp="2019-10-02T20:43:51" hostname="localhost" time="0.006" errors="0" tests="2" skipped="0" disabled="2" failures="0">
  <testcase classname="Recipes.Opened Recipe Tests" name="RE-TC42: Should be able to save an existing recipe" time="0.001">
   <skipped />
  </testcase>
  <testcase classname="Recipes.Opened Recipe Tests" name="RE-TC43: Should be able to delete recipe A while recipe B is opened" time="0.003">
   <skipped />
  </testcase>
 </testsuite>
</testsuites>